TN:
SF:src/index.js
FN:4,action
FN:11,(anonymous_1)
FNF:2
FNH:2
FNDA:1,action
FNDA:5,(anonymous_1)
DA:5,1
DA:6,1
DA:8,1
DA:9,1
DA:11,1
DA:12,5
DA:13,5
DA:14,5
DA:15,5
DA:17,5
DA:18,2
DA:20,3
DA:21,1
DA:23,2
DA:24,1
DA:26,1
DA:28,1
DA:30,1
LF:18
LH:18
BRDA:17,0,0,2
BRDA:17,0,1,3
BRDA:17,1,0,5
BRDA:17,1,1,4
BRDA:20,2,0,1
BRDA:20,2,1,2
BRDA:20,3,0,3
BRDA:20,3,1,1
BRDA:23,4,0,1
BRDA:23,4,1,1
BRF:10
BRH:10
end_of_record
TN:
SF:src/parseFile.js
FN:5,parseFile
FNF:1
FNH:1
FNDA:2,parseFile
DA:6,2
DA:7,2
DA:9,2
DA:11,2
DA:13,2
DA:17,0
LF:6
LH:5
BRDA:11,0,0,2
BRDA:11,0,1,0
BRF:2
BRH:1
end_of_record
