TN:
SF:src/diff.js
FN:3,buildDiffTree
FN:4,(anonymous_1)
FN:6,(anonymous_2)
FNF:3
FNH:3
FNDA:12,buildDiffTree
FNDA:58,(anonymous_1)
FNDA:46,(anonymous_2)
DA:4,58
DA:6,12
DA:7,46
DA:8,46
DA:10,46
DA:11,12
DA:14,34
DA:15,8
DA:18,26
DA:19,8
DA:22,18
DA:23,10
DA:26,8
LF:13
LH:13
BRDA:7,0,0,46
BRDA:7,0,1,12
BRDA:7,0,2,12
BRDA:8,1,0,46
BRDA:8,1,1,13
BRDA:8,1,2,13
BRDA:10,2,0,12
BRDA:10,2,1,34
BRDA:14,3,0,8
BRDA:14,3,1,26
BRDA:18,4,0,8
BRDA:18,4,1,18
BRDA:18,5,0,26
BRDA:18,5,1,10
BRDA:22,6,0,10
BRDA:22,6,1,8
BRF:16
BRH:16
end_of_record
TN:
SF:src/index.js
FN:7,genDiff
FNF:1
FNH:1
FNDA:5,genDiff
DA:8,5
DA:9,4
DA:11,4
DA:13,4
DA:16,4
DA:18,0
DA:20,0
LF:7
LH:5
BRDA:7,0,0,5
BRDA:13,1,0,0
BRDA:13,1,1,4
BRDA:13,1,2,0
BRDA:13,1,3,0
BRF:5
BRH:2
end_of_record
TN:
SF:src/parsers.js
FN:5,parseFile
FN:23,(anonymous_1)
FNF:2
FNH:2
FNDA:9,parseFile
FNDA:49,(anonymous_1)
DA:6,9
DA:7,9
DA:9,9
DA:10,0
DA:13,9
DA:15,9
DA:17,4
DA:20,4
DA:21,4
DA:23,49
DA:26,0
DA:30,1
LF:12
LH:10
BRDA:9,0,0,0
BRDA:9,0,1,9
BRDA:15,1,0,4
BRDA:15,1,1,4
BRDA:15,1,2,4
BRDA:15,1,3,1
BRDA:23,2,0,2
BRDA:23,2,1,47
BRF:8
BRH:7
end_of_record
TN:
SF:src/formatters/stylish.js
FN:1,formatStylish
FN:4,(anonymous_1)
FN:5,(anonymous_2)
FN:7,(anonymous_3)
FN:17,(anonymous_4)
FN:23,(anonymous_5)
FN:27,(anonymous_6)
FN:52,(anonymous_7)
FNF:8
FNH:8
FNDA:4,formatStylish
FNDA:74,(anonymous_1)
FNDA:22,(anonymous_2)
FNDA:66,(anonymous_3)
FNDA:18,(anonymous_4)
FNDA:46,(anonymous_5)
FNDA:28,(anonymous_6)
FNDA:18,(anonymous_7)
DA:2,4
DA:4,74
DA:5,22
DA:7,4
DA:8,66
DA:9,52
DA:10,0
DA:12,52
DA:15,14
DA:16,14
DA:17,18
DA:20,14
DA:23,4
DA:24,46
DA:26,8
DA:27,28
DA:30,12
DA:31,12
DA:34,8
DA:35,8
DA:38,10
DA:39,10
DA:40,10
DA:46,8
DA:48,0
DA:52,18
LF:26
LH:24
BRDA:7,0,0,30
BRDA:8,1,0,52
BRDA:8,1,1,14
BRDA:8,2,0,66
BRDA:8,2,1,15
BRDA:9,3,0,0
BRDA:9,3,1,52
BRDA:9,4,0,52
BRDA:9,4,1,1
BRDA:12,5,0,1
BRDA:12,5,1,51
BRDA:24,6,0,8
BRDA:24,6,1,12
BRDA:24,6,2,8
BRDA:24,6,3,10
BRDA:24,6,4,8
BRDA:24,6,5,0
BRF:17
BRH:15
end_of_record
